<?xml version="1.0" encoding="UTF-8"?>
<!-- Generated by org.testng.reporters.JUnitReportReporter -->
<testsuite skipped="0" hostname="LAPTOP-VO017NUI" name="com.bank.testcases.NewCustomerPageTest" tests="1" failures="0" timestamp="2020-05-23T21:26:59 IST" time="18.867" errors="0">
  <testcase name="addNewCustomer" time="18.867" classname="com.bank.testcases.NewCustomerPageTest"/>
</testsuite> <!-- com.bank.testcases.NewCustomerPageTest -->
